2013-10-29 19:29:26,868 : ERROR : failed to commit:Broers (N-VA): ‘Wij weten wat De Wever gaat doen bij verkiezingen’
column link is not unique
2013-10-29 19:29:27,136 : ERROR : failed to commit:Strafzaak bestralingstherapie UZ Gent ten vroegste in 2015
column link is not unique
2013-10-29 19:29:27,290 : ERROR : failed to commit:‘Rijkste gezinnen winnen bijna 200 euro armsten 1 euro’
column link is not unique
2013-10-29 19:29:27,535 : ERROR : failed to commit:Inbreker laat slotenmaker deur openen
column link is not unique
2013-10-29 19:29:27,678 : ERROR : failed to commit:Vorstenpaar heeft meer tijd nodig om hofleveranciers te kiezen
column link is not unique
2013-10-29 19:29:27,822 : ERROR : failed to commit:Vermeende leden Albanese inbrekersbende blijven aangehouden
column link is not unique
2013-10-29 19:29:28,013 : ERROR : failed to commit:Smet: ‘Uitwisseling Vlaamse en Braziliaanse studenten stevig verankerd’
column link is not unique
2013-10-29 19:29:28,326 : ERROR : failed to commit:Vaccinatiedatabank in november beschikbaar voor iedereen
column link is not unique
2013-10-29 19:29:28,524 : ERROR : failed to commit:Zeven gewonden bij verkeersongeval in Leuven
column link is not unique
2013-10-29 19:29:28,838 : ERROR : failed to commit:Man vergrijpt zich aan nichtje
column link is not unique
2013-10-29 19:29:28,997 : ERROR : failed to commit:Lutgen wil toch nog carpoolstroken aan Brusselse Ring
column link is not unique
2013-10-29 19:29:29,140 : ERROR : failed to commit:Baby sterft na zware mishandeling
column link is not unique
2013-10-29 19:29:29,294 : ERROR : failed to commit:Cassatie bevestigt veroordeling Belkacem
column link is not unique
2013-10-29 19:29:29,454 : ERROR : failed to commit:Bart Tommelein: ‘Anthuenis heeft recht op zijn geld’
column link is not unique
2013-10-29 19:29:29,726 : ERROR : failed to commit:Tweede verdachte opgepakt voor verdwijning jonge Spanjaard
column link is not unique
2013-10-29 19:29:30,040 : ERROR : failed to commit:Groen: ‘Eengemaakt onderwijs niet in achterkamer regelen’
column link is not unique
2013-10-29 19:29:30,317 : ERROR : failed to commit:Dreigmails UAntwerpen verstuurd in naam van radicale moslims
column link is not unique
2013-10-29 19:29:30,541 : ERROR : failed to commit:Boudewijn Bouckaert (LDD) waarschuwt voor ‘twee megaministeries’
column link is not unique
2013-10-29 19:29:30,728 : ERROR : failed to commit:Manoeuvrerende vrachtwagen rijdt bejaarde vrouw aan
column link is not unique
2013-10-29 19:29:30,873 : ERROR : failed to commit:Vader Younes komt niet voorwaardelijk vrij
column link is not unique
2013-10-29 19:29:31,132 : ERROR : failed to commit:Getransformeerde Reyerswijk klaar tegen 2023
column link is not unique
2013-10-29 19:29:31,416 : ERROR : failed to commit:Italianen aangehouden voor overvallenreeks juwelentransporten
column link is not unique
2013-10-29 19:29:31,660 : ERROR : failed to commit:Jambon: ‘Ik heb de collaboratie nooit goedgepraat’
column link is not unique
2013-10-29 19:29:31,840 : ERROR : failed to commit:‘Donkere bossen remmen effecten klimaatopwarming’
column link is not unique
2013-10-29 19:29:32,025 : ERROR : failed to commit:Oost-Europese bendes doen illegale ophaling van tweedehandskleding
column link is not unique
2013-10-29 19:29:32,340 : ERROR : failed to commit:Uitbraak cholera doodt 75 mensen in Nigeria
column link is not unique
2013-10-29 19:29:32,559 : ERROR : failed to commit:Belgische auteur bij laatste vier van Prix Goncourt
column link is not unique
2013-10-29 19:29:32,704 : ERROR : failed to commit:Moldavische geeft relatie met kapitein Costa Concordia toe
column link is not unique
2013-10-29 19:29:32,978 : ERROR : failed to commit:Belgische Australiër riskeert tien jaar cel
column link is not unique
2013-10-29 19:29:33,108 : ERROR : failed to commit:VIDEO. Vlieg eens over Mars
column link is not unique
2013-10-29 19:29:33,338 : ERROR : failed to commit:Vader onschuldig in cel na valse beschuldiging van incest
column link is not unique
2013-10-29 19:29:33,582 : ERROR : failed to commit:‘VS-spionage is gevaar voor vrijhandelsgesprekken met EU’
column link is not unique
2013-10-29 19:29:33,827 : ERROR : failed to commit:Al-Assad ontslaat vicepremier Qadri Jamil
column link is not unique
2013-10-29 19:29:34,126 : ERROR : failed to commit:Vijfendertig jaar cel voor moordcomplot tegen Nelson Mandela
column link is not unique
2013-10-29 19:29:34,284 : ERROR : failed to commit:Twee alpinisten komen om in Nieuw-Zeeland
column link is not unique
2013-10-29 19:29:34,515 : ERROR : failed to commit:Britse pers weldra gecensureerd?
column link is not unique
2013-10-29 19:29:34,744 : ERROR : failed to commit:Protesten in Brazilië na dodelijk politieschot op tiener
column link is not unique
2013-10-29 19:29:34,887 : ERROR : failed to commit:Polio-uitbraak in Syrië bevestigd
column link is not unique
2013-10-29 19:29:35,148 : ERROR : failed to commit:Partij voor de Vrijheid zet Kamerlid Bontes uit fractie
column link is not unique
2013-10-29 19:29:35,481 : ERROR : failed to commit:Egyptische rechtbank verklaart zich onbevoegd in proces tegen Moslimbroeders
column link is not unique
2013-10-29 19:29:35,731 : ERROR : failed to commit:Ex-chauffeur BBC die verdacht werd van seksueel misbruik dood teruggevonden
column link is not unique
2013-10-29 19:29:36,007 : ERROR : failed to commit:Gazprom: ‘Oekraïne heeft openstaande rekening van 882 miljoen dollar’
column link is not unique
2013-10-29 19:29:36,232 : ERROR : failed to commit:Europa en Azië voortaan verbonden met treintunnel
column link is not unique
2013-10-29 19:29:36,514 : ERROR : failed to commit:Chinezen scheiden massaal om belasting te ontlopen
column link is not unique
2013-10-29 19:29:36,757 : ERROR : failed to commit:Opnieuw vluchtelingenboot ontdekt voor Griekse kust
column link is not unique
2013-10-29 19:29:37,003 : ERROR : failed to commit:Veiligheidsraad veroordeelt nieuw geweld in Congo
column link is not unique
2013-10-29 19:29:37,264 : ERROR : failed to commit:‘Autocrash Tienanmenplein was zelfmoordaanslag’
column link is not unique
2013-10-29 19:29:37,490 : ERROR : failed to commit:Italiaanse kustwacht redt 41 bootvluchtelingen nabij Lampedusa
column link is not unique
2013-10-29 19:29:37,740 : ERROR : failed to commit:Formele aanklacht tegen vier Greenpeace-activisten
column link is not unique
2013-10-29 19:29:37,968 : ERROR : failed to commit:Negentigjarige Nederlander zit dagenlang vast in sloot
column link is not unique
2013-10-29 19:29:38,338 : ERROR : failed to commit:Tom Lanoye krijgt Constantijn Huygensprijs
column link is not unique
2013-10-29 19:29:38,567 : ERROR : failed to commit:VIDEO. Arctic Monkeys coveren Lou Reed
column link is not unique
2013-10-29 19:29:38,830 : ERROR : failed to commit:Bekijk de videoclip van Ongeveer de eerste single van het tweede album van Eefje de Visser
column link is not unique
2013-10-29 19:29:39,068 : ERROR : failed to commit:Beluister de nieuwe single van Eminem opnieuw een samenwerking met Rihanna
column link is not unique
2013-10-29 19:29:39,302 : ERROR : failed to commit:VIDEO. Star Wars-bloopers opgedoken
column link is not unique
2013-10-29 19:29:39,451 : ERROR : failed to commit:Topweekend voor Stromae
column link is not unique
2013-10-29 19:29:39,810 : ERROR : failed to commit:Adriaan Van den Hoof neemt afscheid van zijn lief
column link is not unique
2013-10-29 19:29:40,062 : ERROR : failed to commit:DS Tips
column link is not unique
2013-10-29 19:29:40,326 : ERROR : failed to commit:‘Marina’ wint prijs Spaanse studentenjury
column link is not unique
2013-10-29 19:29:40,471 : ERROR : failed to commit:Joke Van Leeuwen wint Ako Literatuurprijs
column link is not unique
2013-10-29 19:29:40,704 : ERROR : failed to commit:Bekijk Some People de nieuwe video van The Rhythm Junks
column link is not unique
2013-10-29 19:29:40,963 : ERROR : failed to commit:Beluister Remurdered een nieuwe song van Mogwai
column link is not unique
2013-10-29 19:29:41,168 : ERROR : failed to commit:Beluister Falling Man de eerste cd van de gelijknamige Gentse band
column link is not unique
2013-10-29 19:29:41,423 : ERROR : failed to commit:Sylvester Stallone: ‘Ik schilder beter dan ik acteer’
column link is not unique
2013-10-29 19:29:41,741 : ERROR : failed to commit:VIDEO. Rock and Roll Heart een documentaire over Lou Reed
column link is not unique
2013-10-29 19:29:42,010 : ERROR : failed to commit:Jeroen Meus werkt aan nieuw programma
column link is not unique
2013-10-29 19:29:42,234 : ERROR : failed to commit:VTM verbaasd over plagiaat Georgische nieuwsdienst
column link is not unique
2013-10-29 19:29:42,465 : ERROR : failed to commit:FOTOSPECIAL. Lou Reed in tien beelden
column link is not unique
2013-10-29 19:29:42,736 : ERROR : failed to commit:Rocklegende Lou Reed overleden
column link is not unique
2013-10-29 19:29:43,019 : ERROR : failed to commit:VIDEO. Zes bekende nummers van Lou Reed
column link is not unique
2013-10-29 19:29:43,268 : ERROR : failed to commit:FOTOSPECIAL. Zombies dansen Michael Jacksons ‘Thriller’
column link is not unique
2013-10-29 19:29:43,505 : ERROR : failed to commit:Simpsons-actrice overleden
column link is not unique
2013-10-29 19:29:43,672 : ERROR : failed to commit:Nederlands meisje blijkt operatalent
column link is not unique
2013-10-29 19:29:43,920 : ERROR : failed to commit:Sinterklaas nog niet op Nederlandse erfgoedlijst
column link is not unique
2013-10-29 19:29:44,181 : ERROR : failed to commit:Daan is klaar met Griekse ondertitels voor La Crise
column link is not unique
2013-10-29 19:29:44,429 : ERROR : failed to commit:Adriaan Van den Hoof neemt afscheid van zijn lief
column link is not unique
2013-10-29 19:29:44,647 : ERROR : failed to commit:VTM verbaasd over plagiaat Georgische nieuwsdienst
column link is not unique
2013-10-29 19:29:44,780 : ERROR : failed to commit:Simpsons-actrice overleden
column link is not unique
2013-10-29 19:29:45,002 : ERROR : failed to commit:Nederlands meisje blijkt operatalent
column link is not unique
2013-10-29 19:29:45,199 : ERROR : failed to commit:‘Undercoveroperatie brengt journalisten in gevaar’
column link is not unique
2013-10-29 19:29:45,415 : ERROR : failed to commit:Siegfried Bracke verwijt VRT-hoofdredacteur gebrek aan management
column link is not unique
2013-10-29 19:29:45,790 : ERROR : failed to commit:Piet Huysentruyt ‘ontdekking van het jaar’ in Frankrijk
column link is not unique
2013-10-29 19:29:46,189 : ERROR : failed to commit:Chinese krant: ‘Laat hem alstublieft vrij’
column link is not unique
2013-10-29 19:29:46,470 : ERROR : failed to commit:VRT geeft dit jaar meer prijzengeld weg
column link is not unique
2013-10-29 19:29:46,780 : ERROR : failed to commit:Hoeyberghs lanceert eigen magazine ‘over schoonheid’
column link is not unique
2013-10-29 19:29:47,108 : ERROR : failed to commit:Sukkelseks en bitcoin opgenomen in Dikke Van Dale
column link is not unique
2013-10-29 19:29:47,477 : ERROR : failed to commit:Storing teistert Facebook
column link is not unique
2013-10-29 19:29:47,716 : ERROR : failed to commit:‘Cultuur blijft een van de essentiële kerntaken van openbare omroep’
column link is not unique
2013-10-29 19:29:47,925 : ERROR : failed to commit:Bekijk de trailer van FC De Kampioenen De Film
column link is not unique
2013-10-29 19:29:48,179 : ERROR : failed to commit:Bijna helft tv-kijkers keek naar begrafenis Martens
column link is not unique
2013-10-29 19:29:48,470 : ERROR : failed to commit:Radio 1 krijgt nieuw nethoofd
column link is not unique
2013-10-29 19:29:48,728 : ERROR : failed to commit:Minder illegale downloads op het internet
column link is not unique
2013-10-29 19:29:48,976 : ERROR : failed to commit:Redactie Radio 1 schrijft brief aan Sandra De Preter
column link is not unique
2013-10-29 19:29:49,221 : ERROR : failed to commit:Weddenschap loopt fout af in Belgiums Got Talent
column link is not unique
2013-10-29 19:29:49,451 : ERROR : failed to commit:‘Alleen Psy mag ons bellen’
column link is not unique
2013-10-29 19:29:49,702 : ERROR : failed to commit:Eva Daeleman: ‘Ik kan helemaal niet tegen mijn verlies’
column link is not unique
2013-10-29 19:29:49,933 : ERROR : failed to commit:EcoNation vordert 500.000 euro van Knack
column link is not unique
2013-10-29 19:29:50,191 : ERROR : failed to commit:MO* en IPS krijgen dan toch nog subsidies
column link is not unique
2013-10-29 19:29:50,432 : ERROR : failed to commit:Ex-hoofdredacteur ‘De Morgen’ start gratis nieuwssite
column link is not unique
2013-10-29 19:29:50,705 : ERROR : failed to commit:De Homo Turisticus in het Manhattan van Europa
column link is not unique
2013-10-29 19:29:50,918 : ERROR : failed to commit:Adriaan Van den Hoof neemt afscheid van zijn lief
column link is not unique
2013-10-29 19:29:51,142 : ERROR : failed to commit:VTM verbaasd over plagiaat Georgische nieuwsdienst
column link is not unique
2013-10-29 19:29:51,275 : ERROR : failed to commit:Simpsons-actrice overleden
column link is not unique
2013-10-29 19:29:51,421 : ERROR : failed to commit:Nederlands meisje blijkt operatalent
column link is not unique
2013-10-29 19:29:51,723 : ERROR : failed to commit:‘Undercoveroperatie brengt journalisten in gevaar’
column link is not unique
2013-10-29 19:29:52,138 : ERROR : failed to commit:Siegfried Bracke verwijt VRT-hoofdredacteur gebrek aan management
column link is not unique
2013-10-29 19:29:52,488 : ERROR : failed to commit:Piet Huysentruyt ‘ontdekking van het jaar’ in Frankrijk
column link is not unique
2013-10-29 19:29:52,658 : ERROR : failed to commit:Chinese krant: ‘Laat hem alstublieft vrij’
column link is not unique
2013-10-29 19:29:52,913 : ERROR : failed to commit:VRT geeft dit jaar meer prijzengeld weg
column link is not unique
2013-10-29 19:29:53,217 : ERROR : failed to commit:Hoeyberghs lanceert eigen magazine ‘over schoonheid’
column link is not unique
2013-10-29 19:29:53,442 : ERROR : failed to commit:Sukkelseks en bitcoin opgenomen in Dikke Van Dale
column link is not unique
2013-10-29 19:29:53,584 : ERROR : failed to commit:Storing teistert Facebook
column link is not unique
2013-10-29 19:29:53,849 : ERROR : failed to commit:‘Cultuur blijft een van de essentiële kerntaken van openbare omroep’
column link is not unique
2013-10-29 19:29:54,065 : ERROR : failed to commit:Bekijk de trailer van FC De Kampioenen De Film
column link is not unique
2013-10-29 19:29:54,329 : ERROR : failed to commit:Bijna helft tv-kijkers keek naar begrafenis Martens
column link is not unique
2013-10-29 19:29:54,551 : ERROR : failed to commit:Radio 1 krijgt nieuw nethoofd
column link is not unique
2013-10-29 19:29:54,856 : ERROR : failed to commit:Minder illegale downloads op het internet
column link is not unique
2013-10-29 19:29:54,993 : ERROR : failed to commit:Redactie Radio 1 schrijft brief aan Sandra De Preter
column link is not unique
2013-10-29 19:29:55,243 : ERROR : failed to commit:Weddenschap loopt fout af in Belgiums Got Talent
column link is not unique
2013-10-29 19:29:55,442 : ERROR : failed to commit:‘Alleen Psy mag ons bellen’
column link is not unique
2013-10-29 19:29:55,688 : ERROR : failed to commit:Eva Daeleman: ‘Ik kan helemaal niet tegen mijn verlies’
column link is not unique
2013-10-29 19:29:56,002 : ERROR : failed to commit:EcoNation vordert 500.000 euro van Knack
column link is not unique
2013-10-29 19:29:56,245 : ERROR : failed to commit:MO* en IPS krijgen dan toch nog subsidies
column link is not unique
2013-10-29 19:29:56,495 : ERROR : failed to commit:Ex-hoofdredacteur ‘De Morgen’ start gratis nieuwssite
column link is not unique
2013-10-29 19:29:56,729 : ERROR : failed to commit:De Homo Turisticus in het Manhattan van Europa
column link is not unique
2013-10-29 19:29:57,063 : ERROR : failed to commit:Vergeten investering in bitcoins levert Noorse jongeman appartement op
column link is not unique
2013-10-29 19:29:57,259 : ERROR : failed to commit:Frankrijk schort ecotaks voor vrachtwagens op
column link is not unique
2013-10-29 19:29:57,426 : ERROR : failed to commit:Huizenprijzen VS stijgen sterker dan verwacht
column link is not unique
2013-10-29 19:29:57,709 : ERROR : failed to commit:België zakt vier plaatsen op ranglijst ondernemersklimaat
column link is not unique
2013-10-29 19:29:58,028 : ERROR : failed to commit:Verkoop dienstencheques trekt weer aan
column link is not unique
2013-10-29 19:29:58,301 : ERROR : failed to commit:Belgische rente duikt onder de 25 procentgrens
column link is not unique
2013-10-29 19:29:58,609 : ERROR : failed to commit:Noodlijdende Bankia klimt uit rode cijfers
column link is not unique
2013-10-29 19:29:58,836 : ERROR : failed to commit:Benzineprijs zakt naar laagste niveau in meer dan twee jaar
column link is not unique
2013-10-29 19:29:59,112 : ERROR : failed to commit:Crombez: ‘Heb moeite om fraudeurs naar rechtbank te sturen’
column link is not unique
2013-10-29 19:29:59,353 : ERROR : failed to commit:Vlaamse regering voorziet twee miljoen euro opleidingssteun aan Volvo Cars
column link is not unique
2013-10-29 19:29:59,599 : ERROR : failed to commit:Geen snelle behandeling van telecompakket
column link is not unique
2013-10-29 19:29:59,895 : ERROR : failed to commit:EP-voorzitter Schulz wil vrijhandelsgesprekken met VS opschorten
column link is not unique
2013-10-29 19:30:00,140 : ERROR : failed to commit:Gedragsregels voor verzekeringssector op komst
column link is not unique
2013-10-29 19:30:00,397 : ERROR : failed to commit:Franse voetbalclubs staken tegen geplande ‘superbelasting’
column link is not unique
2013-10-29 19:30:00,869 : ERROR : failed to commit:Dollar op laagste peil in twee jaar
column link is not unique
2013-10-29 19:30:01,126 : ERROR : failed to commit:Europees Parlement wil financiële gegevens niet langer delen met VS
column link is not unique
2013-10-29 19:30:01,382 : ERROR : failed to commit:Derde van ondernemers heeft problemen goede overnemer te vinden
column link is not unique
2013-10-29 19:30:01,646 : ERROR : failed to commit:Ondernemersvertrouwen licht verzwakt in oktober
column link is not unique
2013-10-29 19:30:02,261 : ERROR : failed to commit:Duitse regering verhoogt groeiverwachting
column link is not unique
2013-10-29 19:30:02,511 : ERROR : failed to commit:Geens blijft staatsschuld van minder dan 100 procent bbp nastreven
column link is not unique
2013-10-29 19:30:02,826 : ERROR : failed to commit:Eurostat: ‘Staatsschuld opgelopen tot 105 procent bbp’
column link is not unique
2013-10-29 19:30:03,077 : ERROR : failed to commit:Spanje na negen kwartalen uit recessie
column link is not unique
2013-10-29 19:30:03,333 : ERROR : failed to commit:In november nieuwe ronde stresstests bij 124 banken
column link is not unique
2013-10-29 19:30:03,641 : ERROR : failed to commit:Uitbreiding Antwerpse haven op losse schroeven
column link is not unique
2013-10-29 19:30:03,892 : ERROR : failed to commit:Amerikaanse paters brouwen trappist
column link is not unique
2013-10-29 19:30:04,615 : ERROR : failed to commit:Topspits Diego Costa kiest definitief tussen Spanje en Brazilië
column link is not unique
2013-10-29 19:30:04,746 : ERROR : failed to commit:Hoffenheim niet in beroep tegen ‘spookdoelpunt’
column link is not unique
2013-10-29 19:30:04,988 : ERROR : failed to commit:Tom Pettersson (OHL) één wedstrijd geschorst
column link is not unique
2013-10-29 19:30:05,193 : ERROR : failed to commit:Yannick Mertens strandt in openingsronde Challenger Casablanca
column link is not unique
2013-10-29 19:30:05,410 : ERROR : failed to commit:Standard-coach Guy Luzon één wedstrijd in de tribunes
column link is not unique
2013-10-29 19:30:05,637 : ERROR : failed to commit:Tchité: Mijn voeten zullen op het veld spreken
column link is not unique
2013-10-29 19:30:05,768 : ERROR : failed to commit:Belgische dopingjager: Van Snick bewijst niets met deze test
column link is not unique
2013-10-29 19:30:05,989 : ERROR : failed to commit:Ruben Bemelmans stoot door in Eckental
column link is not unique
2013-10-29 19:30:06,219 : ERROR : failed to commit:Duitse rechtbank pleit renner Stefan Schumacher vrij van bedrog
column link is not unique
2013-10-29 19:30:06,368 : ERROR : failed to commit:Wielervakbond wil eigen continentale ploeg starten met werkloze profs
column link is not unique
2013-10-29 19:30:06,581 : ERROR : failed to commit:Betrapte Van Snick verdedigt zich met negatieve tegenexpertise
column link is not unique
2013-10-29 19:30:06,714 : ERROR : failed to commit:Volleybalinternational Frank Depestele is weken out met handbreuk
column link is not unique
2013-10-29 19:30:06,931 : ERROR : failed to commit:Bredene blijft startplaats van Handzame Classic
column link is not unique
2013-10-29 19:30:07,217 : ERROR : failed to commit:Alison Van Uytvanck stoot door in Taipei
column link is not unique
2013-10-29 19:30:07,427 : ERROR : failed to commit:Yannik Reuter stoot door in Challenger Seoel Coppejans moet inpakken
column link is not unique
2013-10-29 19:30:07,642 : ERROR : failed to commit:Yanina Wickmayer staat in tweede ronde in Nanjing
column link is not unique
2013-10-29 19:30:08,147 : ERROR : failed to commit:De Boeck ontslagen bij Waasland-Beveren
column link is not unique
2013-10-29 19:30:08,359 : ERROR : failed to commit:Yanina Wickmayer staat in tweede ronde
column link is not unique
2013-10-29 19:30:08,564 : ERROR : failed to commit:Eden Hazard bij genomineerden voor Gouden Bal
column link is not unique
2013-10-29 19:30:08,777 : ERROR : failed to commit:Paul Vanhaecke vijf jaar langer voorzitter Cercle Brugge
column link is not unique
2013-10-29 19:30:08,922 : ERROR : failed to commit:Poetin: Mensen van alle geaardheden welkom op Winterspelen
column link is not unique
2013-10-29 19:30:09,147 : ERROR : failed to commit:Succesvolle polsoperatie voor Tony Martin
column link is not unique
2013-10-29 19:30:09,414 : ERROR : failed to commit:Ex-Anderlechtspeler krijgt voorwaardelijke gevangenisstraf
column link is not unique
2013-10-29 19:30:09,633 : ERROR : failed to commit:Hondo Nizzolo en Watson volgend seizoen bij Trek
column link is not unique
2013-10-29 19:30:09,975 : ERROR : failed to commit:Franse ronde vrouwen klagen Karl Lagerfeld aan
column link is not unique
2013-10-29 19:30:10,128 : ERROR : failed to commit:Sam De Bruyn toont spelfout op zijn arm
column link is not unique
2013-10-29 19:30:10,262 : ERROR : failed to commit:VIDEO. Star Wars-bloopers opgedoken
column link is not unique
2013-10-29 19:30:10,522 : ERROR : failed to commit:Opgepakte Chris Brown opnieuw vrij
column link is not unique
2013-10-29 19:30:10,792 : ERROR : failed to commit:Topless model uit clip ‘Blurred Lines’ is vrouw van het jaar
column link is not unique
2013-10-29 19:30:10,974 : ERROR : failed to commit:Vertederende foto prins George opgedoken
column link is not unique
2013-10-29 19:30:11,214 : ERROR : failed to commit:Friends-actrice: ‘Mijn neuscorrectie veranderde mijn leven’
column link is not unique
2013-10-29 19:30:11,355 : ERROR : failed to commit:Katy Perry is naakte collega’s beu
column link is not unique
2013-10-29 19:30:11,609 : ERROR : failed to commit:YouTube haalt ‘ongepaste’ clip Noa Neal offline
column link is not unique
2013-10-29 19:30:11,945 : ERROR : failed to commit:Sylvester Stallone: ‘Ik schilder beter dan ik acteer’
column link is not unique
2013-10-29 19:30:12,176 : ERROR : failed to commit:Grootste man ter wereld (251 m) is getrouwd
column link is not unique
2013-10-29 19:30:12,402 : ERROR : failed to commit:Hollywoodactrice: ‘Matthias Schoenaerts is een beest’
column link is not unique
2013-10-29 19:30:12,646 : ERROR : failed to commit:VTM verbaasd over plagiaat Georgische nieuwsdienst
column link is not unique
2013-10-29 19:30:12,929 : ERROR : failed to commit:Beyoncé filmt eigen vrije val
column link is not unique
2013-10-29 19:30:13,164 : ERROR : failed to commit:VIDEO. Sinterklaas verhit gemoederen VN grijpt in
column link is not unique
2013-10-29 19:30:13,478 : ERROR : failed to commit:David Beckham in stom verkeersongeval
column link is not unique
2013-10-29 19:30:13,610 : ERROR : failed to commit:Nederlands meisje blijkt operatalent
column link is not unique
2013-10-29 19:30:13,852 : ERROR : failed to commit:Ryan Gosling bedrogen door Eva Mendes
column link is not unique
2013-10-29 19:30:14,139 : ERROR : failed to commit:Huwelijkscontract voor Kim Kardashian en Kanye West
column link is not unique
2013-10-29 19:30:14,498 : ERROR : failed to commit:VIDEO. Ook Brussels Airlines neemt deel aan Movember
column link is not unique
2013-10-29 19:30:14,774 : ERROR : failed to commit:Orlando Bloom en Miranda Kerr gaan scheiden
column link is not unique
2013-10-29 19:30:15,022 : ERROR : failed to commit:Dochter Erik en Sanne viert 18de verjaardag met eerste cd
column link is not unique
2013-10-29 19:30:15,261 : ERROR : failed to commit:Pompoenvaren voor gevorderden
column link is not unique
2013-10-29 19:30:15,499 : ERROR : failed to commit:Met de fiets het Atomium op
column link is not unique
2013-10-29 19:30:15,804 : ERROR : failed to commit:Hoe de natuur ons beschermt tegen zombies
column link is not unique
